<?xml version="1.0" encoding="UTF-8"?>
<!-- Generated by org.testng.reporters.JUnitReportReporter -->
<testsuite hostname="sys" failures="0" tests="2" name="academy.EndProject.HomePage" time="23.700" errors="0" timestamp="2021-09-02T11:34:01 EDT" skipped="0">
  <testcase classname="academy.EndProject.HomePage" name="basePageNavigation" time="11.308"/>
  <system-out/>
  <testcase classname="academy.EndProject.HomePage" name="basePageNavigation" time="12.392"/>
  <system-out/>
</testsuite> <!-- academy.EndProject.HomePage -->
