<?xml version="1.0" encoding="UTF-8"?>
<!-- Generated by org.testng.reporters.JUnitReportReporter -->
<testsuite hostname="sys" failures="0" tests="1" name="academy.EndProject.validateTitle" time="0.648" errors="0" timestamp="2021-09-02T11:34:01 EDT" skipped="0">
  <testcase classname="academy.EndProject.validateTitle" name="basePageNavigation" time="0.648"/>
  <system-out/>
</testsuite> <!-- academy.EndProject.validateTitle -->
